[debug] [2025-12-10T11:44:41.883Z] ----------------------------------------------------------------------
[debug] [2025-12-10T11:44:42.694Z] Command:       C:\Program Files\nodejs\node.exe C:\Users\T System Tech\AppData\Roaming\npm\node_modules\firebase-tools\lib\bin\firebase.js init
[debug] [2025-12-10T11:44:42.696Z] CLI Version:   14.27.0
[debug] [2025-12-10T11:44:42.696Z] Platform:      win32
[debug] [2025-12-10T11:44:42.697Z] Node Version:  v22.12.0
[debug] [2025-12-10T11:44:42.710Z] Time:          Wed Dec 10 2025 12:44:42 GMT+0100 (West Africa Standard Time)
[debug] [2025-12-10T11:44:42.711Z] ----------------------------------------------------------------------
[debug] 
[info] 
     ######## #### ########  ######## ########     ###     ######  ########
     ##        ##  ##     ## ##       ##     ##  ##   ##  ##       ##
     ######    ##  ########  ######   ########  #########  ######  ######
     ##        ##  ##    ##  ##       ##     ## ##     ##       ## ##
     ##       #### ##     ## ######## ########  ##     ##  ######  ########

You're about to initialize a Firebase project in this directory:

  C:\Users\T System Tech\Desktop\Desktop\quiz-app-firebase

[info] 
=== Project Setup
[info] 
[info] First, let's associate this project directory with a Firebase project.
[info] You can create multiple project aliases by running firebase use --add, 
[info] 
[debug] [2025-12-10T11:47:57.552Z] > command requires scopes: ["email","openid","https://www.googleapis.com/auth/cloudplatformprojects.readonly","https://www.googleapis.com/auth/firebase","https://www.googleapis.com/auth/cloud-platform"]
[debug] [2025-12-10T11:47:57.553Z] > authorizing via signed-in user (omeifevictor001@gmail.com)
[debug] [2025-12-10T11:47:57.559Z] Checked if tokens are valid: true, expires at: 1765369972604
[debug] [2025-12-10T11:47:57.560Z] Checked if tokens are valid: true, expires at: 1765369972604
[debug] [2025-12-10T11:47:57.592Z] >>> [apiv2][query] GET https://firebase.googleapis.com/v1beta1/projects pageSize=100
[debug] [2025-12-10T11:47:59.549Z] <<< [apiv2][status] GET https://firebase.googleapis.com/v1beta1/projects 200
[debug] [2025-12-10T11:47:59.549Z] <<< [apiv2][body] GET https://firebase.googleapis.com/v1beta1/projects [omitted]
[info] 
=== Hosting Setup
[debug] [2025-12-10T11:48:06.199Z] Checked if tokens are valid: true, expires at: 1765369972604
[debug] [2025-12-10T11:48:06.199Z] Checked if tokens are valid: true, expires at: 1765369972604
[debug] [2025-12-10T11:48:06.200Z] >>> [apiv2][query] GET https://firebase.googleapis.com/v1beta1/projects/quiz-app-firebase-6b357 [none]
[debug] [2025-12-10T11:48:06.791Z] <<< [apiv2][status] GET https://firebase.googleapis.com/v1beta1/projects/quiz-app-firebase-6b357 200
[debug] [2025-12-10T11:48:06.792Z] <<< [apiv2][body] GET https://firebase.googleapis.com/v1beta1/projects/quiz-app-firebase-6b357 {"projectId":"quiz-app-firebase-6b357","projectNumber":"483659465930","displayName":"quiz-app-firebase","name":"projects/quiz-app-firebase-6b357","resources":{"hostingSite":"quiz-app-firebase-6b357"},"state":"ACTIVE","etag":"1_29a10f39-dda8-49a6-9b99-f9099b97a40c"}
[info] 
[info] Your public directory is the folder (relative to your project directory) that
[info] will contain Hosting assets to be uploaded with firebase deploy. If you
[info] have a build process for your assets, use your build's output directory.
[info] 
